[20:05:46] [Server thread/INFO]: Starting minecraft server version 1.12.2
[20:05:46] [Server thread/INFO]: Loading properties
[20:05:47] [Server thread/INFO]: Default game type: SURVIVAL
[20:05:47] [Server thread/INFO]: This server is running Paper version git-Paper-1620 (MC: 1.12.2) (Implementing API version 1.12.2-R0.1-SNAPSHOT)
[20:05:47] [Server thread/INFO]: Debug logging is disabled
[20:05:47] [Server thread/INFO]: Server Ping Player Sample Count: 12
[20:05:47] [Server thread/INFO]: Using 4 threads for Netty based IO
[20:05:47] [Server thread/INFO]: Generating keypair
[20:05:47] [Server thread/INFO]: Starting Minecraft server on 0.0.0.0:25565
[20:05:47] [Server thread/INFO]: Using epoll channel type
[20:05:47] [Server thread/INFO]: Set PluginClassLoader as parallel capable
[20:05:47] [Server thread/INFO]: [TAB] Loading TAB v6.0.1
[20:05:47] [Server thread/INFO]: [connect] Loading connect v0.7.2
[20:05:49] [Server thread/WARN]: [connect] en_ is not a supported language.
[20:05:49] [Server thread/INFO]: [connect] Took 1,546ms to boot Connect
[20:05:49] [Server thread/INFO]: Server permissions file permissions.yml is empty, ignoring it
[20:05:49] [Server thread/WARN]: **** SERVER IS RUNNING IN OFFLINE/INSECURE MODE!
[20:05:49] [Server thread/WARN]: The server will make no attempt to authenticate usernames. Beware.
[20:05:49] [Server thread/WARN]: While this makes the game possible to play without internet access, it also opens up the ability for hackers to connect with any username they choose.
[20:05:49] [Server thread/WARN]: To change this, set "online-mode" to "true" in the server.properties file.
[20:05:49] [Server thread/INFO]: **** Beginning UUID conversion, this may take A LONG time ****
[20:05:49] [Server thread/INFO]: Preparing level "world"
[20:05:49] [Server thread/INFO]: -------- World Settings For [world] --------
[20:05:49] [Server thread/INFO]: Cactus Growth Modifier: 100%
[20:05:49] [Server thread/INFO]: Cane Growth Modifier: 100%
[20:05:49] [Server thread/INFO]: Melon Growth Modifier: 100%
[20:05:49] [Server thread/INFO]: Mushroom Growth Modifier: 100%
[20:05:49] [Server thread/INFO]: Pumpkin Growth Modifier: 100%
[20:05:49] [Server thread/INFO]: Sapling Growth Modifier: 100%
[20:05:49] [Server thread/INFO]: Wheat Growth Modifier: 100%
[20:05:49] [Server thread/INFO]: NetherWart Growth Modifier: 100%
[20:05:49] [Server thread/INFO]: Vine Growth Modifier: 100%
[20:05:49] [Server thread/INFO]: Cocoa Growth Modifier: 100%
[20:05:49] [Server thread/INFO]: Entity Activation Range: An 32 / Mo 32 / Mi 16 / Tiv true
[20:05:49] [Server thread/INFO]: Entity Tracking Range: Pl 48 / An 48 / Mo 48 / Mi 32 / Other 64
[20:05:49] [Server thread/INFO]: Hopper Transfer: 8 Hopper Check: 1 Hopper Amount: 1
[20:05:49] [Server thread/INFO]: Random Lighting Updates: false
[20:05:49] [Server thread/INFO]: Mob Spawn Range: 4
[20:05:49] [Server thread/INFO]: Structure Info Saving: true
[20:05:49] [Server thread/INFO]: Custom Map Seeds:  Village: 10387312 Feature: 14357617 Monument: 10387313 Slime: 987234911
[20:05:49] [Server thread/INFO]: Max TNT Explosions: 100
[20:05:49] [Server thread/INFO]: Tile Max Tick Time: 50ms Entity max Tick Time: 50ms
[20:05:49] [Server thread/INFO]: View Distance: 10
[20:05:49] [Server thread/INFO]: Item Despawn Rate: 6000
[20:05:49] [Server thread/INFO]: Item Merge Radius: 2.5
[20:05:49] [Server thread/INFO]: Arrow Despawn Rate: 1200
[20:05:49] [Server thread/INFO]: Allow Zombie Pigmen to spawn from portal blocks: true
[20:05:49] [Server thread/INFO]: Experience Merge Radius: 3.0
[20:05:49] [Server thread/INFO]: Zombie Aggressive Towards Villager: true
[20:05:49] [Server thread/INFO]: Nerfing mobs spawned from spawners: false
[20:05:49] [Server thread/INFO]: -------- World Settings For [world_nether] --------
[20:05:49] [Server thread/INFO]: Cactus Growth Modifier: 100%
[20:05:49] [Server thread/INFO]: Cane Growth Modifier: 100%
[20:05:49] [Server thread/INFO]: Melon Growth Modifier: 100%
[20:05:49] [Server thread/INFO]: Mushroom Growth Modifier: 100%
[20:05:49] [Server thread/INFO]: Pumpkin Growth Modifier: 100%
[20:05:49] [Server thread/INFO]: Sapling Growth Modifier: 100%
[20:05:49] [Server thread/INFO]: Wheat Growth Modifier: 100%
[20:05:49] [Server thread/INFO]: NetherWart Growth Modifier: 100%
[20:05:49] [Server thread/INFO]: Vine Growth Modifier: 100%
[20:05:49] [Server thread/INFO]: Cocoa Growth Modifier: 100%
[20:05:49] [Server thread/INFO]: Entity Activation Range: An 32 / Mo 32 / Mi 16 / Tiv true
[20:05:49] [Server thread/INFO]: Entity Tracking Range: Pl 48 / An 48 / Mo 48 / Mi 32 / Other 64
[20:05:49] [Server thread/INFO]: Hopper Transfer: 8 Hopper Check: 1 Hopper Amount: 1
[20:05:49] [Server thread/INFO]: Random Lighting Updates: false
[20:05:49] [Server thread/INFO]: Mob Spawn Range: 4
[20:05:49] [Server thread/INFO]: Structure Info Saving: true
[20:05:49] [Server thread/INFO]: Custom Map Seeds:  Village: 10387312 Feature: 14357617 Monument: 10387313 Slime: 987234911
[20:05:49] [Server thread/INFO]: Max TNT Explosions: 100
[20:05:49] [Server thread/INFO]: Tile Max Tick Time: 50ms Entity max Tick Time: 50ms
[20:05:49] [Server thread/INFO]: View Distance: 10
[20:05:49] [Server thread/INFO]: Item Despawn Rate: 6000
[20:05:49] [Server thread/INFO]: Item Merge Radius: 2.5
[20:05:49] [Server thread/INFO]: Arrow Despawn Rate: 1200
[20:05:49] [Server thread/INFO]: Allow Zombie Pigmen to spawn from portal blocks: true
[20:05:49] [Server thread/INFO]: Experience Merge Radius: 3.0
[20:05:49] [Server thread/INFO]: Zombie Aggressive Towards Villager: true
[20:05:49] [Server thread/INFO]: Nerfing mobs spawned from spawners: false
[20:05:50] [Server thread/INFO]: -------- World Settings For [world_the_end] --------
[20:05:50] [Server thread/INFO]: Cactus Growth Modifier: 100%
[20:05:50] [Server thread/INFO]: Cane Growth Modifier: 100%
[20:05:50] [Server thread/INFO]: Melon Growth Modifier: 100%
[20:05:50] [Server thread/INFO]: Mushroom Growth Modifier: 100%
[20:05:50] [Server thread/INFO]: Pumpkin Growth Modifier: 100%
[20:05:50] [Server thread/INFO]: Sapling Growth Modifier: 100%
[20:05:50] [Server thread/INFO]: Wheat Growth Modifier: 100%
[20:05:50] [Server thread/INFO]: NetherWart Growth Modifier: 100%
[20:05:50] [Server thread/INFO]: Vine Growth Modifier: 100%
[20:05:50] [Server thread/INFO]: Cocoa Growth Modifier: 100%
[20:05:50] [Server thread/INFO]: Entity Activation Range: An 32 / Mo 32 / Mi 16 / Tiv true
[20:05:50] [Server thread/INFO]: Entity Tracking Range: Pl 48 / An 48 / Mo 48 / Mi 32 / Other 64
[20:05:50] [Server thread/INFO]: Hopper Transfer: 8 Hopper Check: 1 Hopper Amount: 1
[20:05:50] [Server thread/INFO]: Random Lighting Updates: false
[20:05:50] [Server thread/INFO]: Mob Spawn Range: 4
[20:05:50] [Server thread/INFO]: Structure Info Saving: true
[20:05:50] [Server thread/INFO]: Custom Map Seeds:  Village: 10387312 Feature: 14357617 Monument: 10387313 Slime: 987234911
[20:05:50] [Server thread/INFO]: Max TNT Explosions: 100
[20:05:50] [Server thread/INFO]: Tile Max Tick Time: 50ms Entity max Tick Time: 50ms
[20:05:50] [Server thread/INFO]: View Distance: 10
[20:05:50] [Server thread/INFO]: Item Despawn Rate: 6000
[20:05:50] [Server thread/INFO]: Item Merge Radius: 2.5
[20:05:50] [Server thread/INFO]: Arrow Despawn Rate: 1200
[20:05:50] [Server thread/INFO]: Allow Zombie Pigmen to spawn from portal blocks: true
[20:05:50] [Server thread/INFO]: Experience Merge Radius: 3.0
[20:05:50] [Server thread/INFO]: Zombie Aggressive Towards Villager: true
[20:05:50] [Server thread/INFO]: Nerfing mobs spawned from spawners: false
[20:05:50] [Server thread/INFO]: Preparing start region for level 0 (Seed: 6583581897575326071)
[20:05:51] [Server thread/INFO]: Preparing spawn area: 10%
[20:05:51] [Server thread/INFO]: Preparing start region for level 1 (Seed: 6583581897575326071)
[20:05:51] [Server thread/INFO]: Preparing start region for level 2 (Seed: 6583581897575326071)
[20:05:52] [Server thread/INFO]: [TAB] Enabling TAB v6.0.1
[20:05:52] [Server thread/INFO]: [TAB] Found NMS implementation: me.neznamy.tab.platforms.bukkit.v1_12_R1.NMSImplementationProvider
[20:05:52] [Server thread/INFO]: [TAB] Enabled in 209ms
[20:05:52] [Server thread/INFO]: [connect] Enabling connect v0.7.2
[20:05:52] [Server thread/INFO]: [connect] Endpoint name: smpgh
[20:05:52] [Server thread/INFO]: [connect] Your public address: smpgh.play.minekube.net
[20:05:52] [Server thread/INFO]: Done (3.269s)! For help, type "help" or "?"
[20:05:52] [Server thread/INFO]: Timings Reset
[20:05:55] [OkHttp https://watch-connect.minekube.net/.../INFO]: [connect] Started watching for new player sessions
[20:06:02] [Connect Spigot connection thread-2-4/INFO]: UUID of player MrDueKing is ea55c623-ffe7-45b6-9c21-954e44ed0121
[20:06:02] [Server thread/INFO]: [connect] Connect tunneled player logged in as MrDueKing (UUID: ea55c623-ffe7-45b6-9c21-954e44ed0121)
[20:06:02] [TAB Processing Thread/INFO]: [TAB] [WARN] Player MrDueKing's group (none) is not in sorting list! Sorting list: owner,admin,mod,helper,builder,vip,default. Player will be sorted on the bottom.
[20:06:03] [Server thread/INFO]: MrDueKing[/81.129.162.165:0] logged in with entity id 75 at ([world]-111.24981128394879, 96.0921308898152, 137.81181656079247)
[20:07:35] [Server thread/INFO]: Stopping the server
[20:07:35] [Server thread/INFO]: Stopping server
[20:07:35] [Server thread/INFO]: [connect] Disabling connect v0.7.2
[20:07:35] [Server thread/INFO]: [connect] Stopped watching for sessions
[20:07:35] [Server thread/INFO]: [TAB] Disabling TAB v6.0.1
[20:07:35] [Server thread/INFO]: [TAB] Disabled in 9ms
[20:07:35] [Server thread/INFO]: Saving players
[20:07:35] [Server thread/INFO]: MrDueKing lost connection: Server closed
[20:07:35] [defaultEventLoopGroup-4-2/INFO]: [connect] Connect tunneled player MrDueKing disconnected
[20:07:35] [Server thread/INFO]: MrDueKing left the game
[20:07:35] [Server thread/INFO]: Saving worlds
[20:07:35] [Server thread/INFO]: Saving chunks for level 'world'/overworld
[20:07:35] [Server thread/INFO]: Saving chunks for level 'world_nether'/the_nether
[20:07:35] [Server thread/INFO]: Saving chunks for level 'world_the_end'/the_end
